<?xml version="1.0" encoding="UTF-8"?>
<!-- Generated by org.testng.reporters.JUnitXMLReporter -->
<testsuite hostname="DESKTOP-T7MPPON" ignored="2" name="Default test" tests="1" failures="0" timestamp="2023-05-31T21:21:47 IST" time="2.867" errors="0">
  <testcase name="getUsers" time="2.821" classname="apiPackage.Requests"/>
  <testcase name="createUsers" time="0.0" classname="apiPackage.Requests">
    <ignored/>
  </testcase> <!-- createUsers -->
  <testcase name="updateUser" time="0.0" classname="apiPackage.Requests">
    <ignored/>
  </testcase> <!-- updateUser -->
</testsuite> <!-- Default test -->
